2015-01-21 11:17:09+0800 [scrapy] INFO: Scrapy 0.24.4 started (bot: qiugou_58tc)
2015-01-21 11:17:09+0800 [scrapy] INFO: Optional features available: ssl, http11
2015-01-21 11:17:09+0800 [scrapy] INFO: Overridden settings: {'NEWSPIDER_MODULE': 'qiugou_58tc.spiders', 'LOG_LEVEL': 'INFO', 'SPIDER_MODULES': ['qiugou_58tc.spiders'], 'BOT_NAME': 'qiugou_58tc', 'CONCURRENT_ITEMS': 128, 'LOG_FILE': 'qiugou58.log'}
2015-01-21 11:17:09+0800 [scrapy] INFO: Enabled extensions: LogStats, TelnetConsole, CloseSpider, WebService, CoreStats, SpiderState
2015-01-21 11:17:09+0800 [scrapy] INFO: Enabled downloader middlewares: HttpAuthMiddleware, DownloadTimeoutMiddleware, UserAgentMiddleware, RetryMiddleware, DefaultHeadersMiddleware, MetaRefreshMiddleware, HttpCompressionMiddleware, RedirectMiddleware, CookiesMiddleware, ChunkedTransferMiddleware, DownloaderStats
2015-01-21 11:17:09+0800 [scrapy] INFO: Enabled spider middlewares: HttpErrorMiddleware, OffsiteMiddleware, RefererMiddleware, UrlLengthMiddleware, DepthMiddleware
2015-01-21 11:17:09+0800 [scrapy] INFO: Enabled item pipelines: Qiugou58TcPipeline
2015-01-21 11:17:09+0800 [qiugou58] INFO: Spider opened
2015-01-21 11:17:09+0800 [qiugou58] INFO: Crawled 0 pages (at 0 pages/min), scraped 0 items (at 0 items/min)
2015-01-21 11:17:09+0800 [qiugou58] INFO: Closing spider (finished)
2015-01-21 11:17:09+0800 [qiugou58] INFO: Dumping Scrapy stats:
	{'downloader/request_bytes': 551,
	 'downloader/request_count': 2,
	 'downloader/request_method_count/GET': 2,
	 'downloader/response_bytes': 2223,
	 'downloader/response_count': 2,
	 'downloader/response_status_count/200': 1,
	 'downloader/response_status_count/302': 1,
	 'finish_reason': 'finished',
	 'finish_time': datetime.datetime(2015, 1, 21, 3, 17, 9, 735270),
	 'item_scraped_count': 1,
	 'log_count/INFO': 7,
	 'response_received_count': 1,
	 'scheduler/dequeued': 2,
	 'scheduler/dequeued/memory': 2,
	 'scheduler/enqueued': 2,
	 'scheduler/enqueued/memory': 2,
	 'start_time': datetime.datetime(2015, 1, 21, 3, 17, 9, 526366)}
2015-01-21 11:17:09+0800 [qiugou58] INFO: Spider closed (finished)
