2015-01-20 17:02:05+0800 [scrapy] INFO: Scrapy 0.24.4 started (bot: douban_program_book)
2015-01-20 17:02:05+0800 [scrapy] INFO: Optional features available: ssl, http11
2015-01-20 17:02:05+0800 [scrapy] INFO: Overridden settings: {'NEWSPIDER_MODULE': 'douban_program_book.spiders', 'SPIDER_MODULES': ['douban_program_book.spiders'], 'LOG_FILE': '/data/python/spider/douban_program_book/book.log', 'LOG_LEVEL': 'INFO', 'BOT_NAME': 'douban_program_book'}
2015-01-20 17:02:05+0800 [scrapy] INFO: Enabled extensions: LogStats, TelnetConsole, CloseSpider, WebService, CoreStats, SpiderState
2015-01-20 17:02:05+0800 [scrapy] INFO: Enabled downloader middlewares: HttpAuthMiddleware, DownloadTimeoutMiddleware, UserAgentMiddleware, RetryMiddleware, DefaultHeadersMiddleware, MetaRefreshMiddleware, HttpCompressionMiddleware, RedirectMiddleware, CookiesMiddleware, ChunkedTransferMiddleware, DownloaderStats
2015-01-20 17:02:05+0800 [scrapy] INFO: Enabled spider middlewares: HttpErrorMiddleware, OffsiteMiddleware, RefererMiddleware, UrlLengthMiddleware, DepthMiddleware
2015-01-20 17:02:05+0800 [scrapy] INFO: Enabled item pipelines: DoubanProgramBookPipeline
2015-01-20 17:02:05+0800 [book] INFO: Spider opened
2015-01-20 17:02:05+0800 [book] INFO: Crawled 0 pages (at 0 pages/min), scraped 0 items (at 0 items/min)
2015-01-20 17:02:06+0800 [scrapy] INFO: Item already stored in db: {'link': [u'/personal/Buy_107916.html'],
	 'title': [u'\u6c42\u8d2dATS \u9886\u5148\u7248']}
2015-01-20 17:02:06+0800 [scrapy] INFO: Item already stored in db: {'link': [u'/personal/Buy_107888.html'],
	 'title': [u'\u6c5f\u94c3\u5168\u987a']}
2015-01-20 17:02:06+0800 [scrapy] INFO: Item already stored in db: {'link': [u'/personal/Buy_107930.html'], 'title': [u'10\u621611\u6b3eMDX']}
2015-01-20 17:02:06+0800 [scrapy] INFO: Item already stored in db: {'link': [u'/personal/Buy_107889.html'],
	 'title': [u'\u6c5f\u94c3\u5168\u987a6\u5ea7']}
2015-01-20 17:02:06+0800 [scrapy] INFO: Item already stored in db: {'link': [u'/personal/Buy_107899.html'],
	 'title': [u'\u6c42\u8d2d14\u6b3e\u798f\u514b\u65af']}
2015-01-20 17:02:06+0800 [scrapy] INFO: Item already stored in db: {'link': [u'/personal/Buy_107659.html'],
	 'title': [u'\u96e8\u71d5 \u767d  1.5\u624b\u52a8\u8fd0\u52a8\u7248']}
2015-01-20 17:02:06+0800 [scrapy] INFO: Item already stored in db: {'link': [u'/personal/Buy_107666.html'],
	 'title': [u'\u5f90\u5dde\u65b0\u6c82\u6c42\u8d2d\u5947\u745e\u65d7\u4e913  \u8f66\u8d29\u52ff\u6270']}
2015-01-20 17:02:06+0800 [scrapy] INFO: Item already stored in db: {'link': [u'/personal/Buy_107895.html'],
	 'title': [u'\u798f\u72792013\u6b3e\u8499\u8fea\u6b27']}
2015-01-20 17:02:06+0800 [scrapy] INFO: Item already stored in db: {'link': [u'/personal/Buy_107683.html'],
	 'title': [u'\u6c42\u8d2d\u82cf\u5dde\u4e00\u624b\u9a90\u8fbe\uff0c\u8f66\u9f843\xb75\u5e74\uff0cCVT\u53d8\u901f\u81ea\u884c\u6321']}
2015-01-20 17:02:06+0800 [book] INFO: Closing spider (finished)
2015-01-20 17:02:06+0800 [scrapy] INFO: Item already stored in db: {'link': [u'/personal/Buy_107864.html'],
	 'title': [u'\u5927\u4f1704\u6b3e\u9ad8\u5c14\u592b']}
2015-01-20 17:02:06+0800 [scrapy] INFO: Item already stored in db: {'link': [u'/personal/Buy_107802.html'],
	 'title': [u'\u5b9d\u9a6cz4 2013\u5e74\u53ca\u4ee5\u4e0a']}
2015-01-20 17:02:06+0800 [scrapy] INFO: Item already stored in db: {'link': [u'/personal/Buy_107809.html'],
	 'title': [u'\u6c42\u8d2d\u8363\u5a01750\u4e00\u53f0']}
2015-01-20 17:02:06+0800 [scrapy] INFO: Item already stored in db: {'link': [u'/personal/Buy_107834.html'], 'title': [u'\u5b9d\u9a6c5\u7cfb']}
2015-01-20 17:02:06+0800 [scrapy] INFO: Item already stored in db: {'link': [u'/personal/Buy_107853.html'],
	 'title': [u'\u798f\u7279\u8499\u8fea\u6b27\u6216\u522b\u514b\u541b\u8d8a\u541b\u5a01\uff0c\u96ea\u5f17\u5170\u666f\u7a0b']}
2015-01-20 17:02:06+0800 [book] INFO: Dumping Scrapy stats:
	{'downloader/request_bytes': 240,
	 'downloader/request_count': 1,
	 'downloader/request_method_count/GET': 1,
	 'downloader/response_bytes': 30761,
	 'downloader/response_count': 1,
	 'downloader/response_status_count/200': 1,
	 'finish_reason': 'finished',
	 'finish_time': datetime.datetime(2015, 1, 20, 9, 2, 6, 313341),
	 'item_scraped_count': 15,
	 'log_count/INFO': 16,
	 'response_received_count': 1,
	 'scheduler/dequeued': 1,
	 'scheduler/dequeued/memory': 1,
	 'scheduler/enqueued': 1,
	 'scheduler/enqueued/memory': 1,
	 'start_time': datetime.datetime(2015, 1, 20, 9, 2, 5, 967219)}
2015-01-20 17:02:06+0800 [scrapy] INFO: Item already stored in db: {'link': [u'/personal/Buy_107857.html'],
	 'title': [u'\u6c42\u8d2dX3 Q5 \u5954\u9a70B\uff0c2011\u6b3e\u548c\u4ee5\u540e\u7684\u7248\u672c']}
2015-01-20 17:02:06+0800 [book] INFO: Spider closed (finished)
